0: N(1842) HP(8369) HA(10267) HM(10661) LM(14028) LP(14405) LA(17752) 
1: N(1039) HP(4487) HA(5615) HM(5807) LM(7148) LA(7967) LP(8170) 
2: N(119) HP(439) HA(552) HM(563) LP(617) LM(630) LA(703) 
3: N(459) HP(1856) HA(2345) HM(2434) LM(3050) LP(3345) LA(3986) 
4: N(1212) HP(5336) HA(6570) HM(6805) LP(8461) LM(9422) LA(10727) 
5: N(559) HP(2346) HA(2938) HM(3042) LM(3608) LP(4044) LA(4350) 
6: N(1999) HP(9158) HA(11145) HM(11629) LM(14128) LP(15436) LA(19134) 
7: N(1554) HP(6928) HA(8564) HM(8887) LM(10310) LP(10954) LA(13425) 
8: N(592) HP(2467) HA(3086) HM(3166) LM(3552) LP(4059) LA(4385) 
9: N(1183) HP(5207) HA(6421) HM(6649) LP(7997) LM(8281) LA(8632) 
10: N(1000) HP(4302) HA(5350) HM(5573) LP(7050) LM(7114) LA(8535) 
11: N(1527) HP(6884) HA(8485) HM(8759) LM(10146) LP(12098) LA(13382) 
12: N(586) HP(2472) HA(3027) HM(3097) LM(3573) LP(3634) LA(3971) 
13: N(1486) HP(6682) HA(8080) HM(8433) LM(11197) LP(11800) LA(13003) 
14: N(448) HP(1842) HA(2278) HM(2353) LP(2595) LM(2999) LA(3243) 
15: N(976) HP(4235) HA(5214) HM(5425) LM(6159) LP(7536) LA(8198) 
16: N(990) HP(4307) HA(5299) HM(5495) LM(7013) LA(7578) LP(7653) 
17: N(913) HP(3942) HA(4913) HM(5060) LM(5930) LP(7298) LA(7520) 
18: N(1886) HP(8597) HA(10544) HM(10953) LM(13632) LP(14164) LA(17372) 
19: N(369) HP(1507) HA(1857) HM(1939) LP(2183) LM(2200) LA(2907) 
20: N(1560) HP(7018) HA(8522) HM(8885) LM(11410) LP(13747) LA(15508) 
21: N(347) HP(1419) HA(1743) HM(1803) LP(2133) LM(2295) LA(2978) 
22: N(123) HP(454) HA(578) HM(596) LP(611) LM(675) LA(781) 
23: N(294) HP(1172) HA(1460) HM(1532) LM(1719) LA(1865) LP(2065) 
24: N(1246) HP(5452) HA(6786) HM(7036) LM(8600) LP(8757) LA(9647) 
25: N(147) HP(549) HA(692) HM(724) LM(776) LP(817) LA(927) 
26: N(1664) HP(7535) HA(9167) HM(9514) LP(12334) LM(12732) LA(14486) 
27: N(289) HP(1114) HA(1436) HM(1456) LP(1681) LM(1852) LA(1935) 
28: N(1639) HP(7425) HA(9141) HM(9444) LM(11494) LP(12824) LA(13915) 
29: N(476) HP(1931) HA(2410) HM(2512) LP(3292) LM(3437) LA(3967) 
30: N(1676) HP(7557) HA(9308) HM(9567) LM(12925) LP(15755) LA(15832) 
31: N(1729) HP(3458) HA(6319) HM(6913) LM(12043) LA(13053) LP(1499041) 
32: N(433) HP(1760) HA(2193) HM(2279) LA(2913) LP(2937) LM(3034) 
33: N(1805) HP(3611) HA(6639) HM(7217) LM(12373) LA(17601) LP(1633523) 
34: N(1694) HP(7698) HA(9390) HM(9706) LP(13394) LM(13568) LA(15162) 
35: N(800) HP(3474) HA(4292) HM(4379) LP(5128) LM(5399) LA(5870) 
36: N(1093) HP(2185) HA(3989) HM(4369) LM(6917) LA(8700) LP(600055) 
37: N(1499) HP(6682) HA(8267) HM(8496) LM(11600) LP(12891) LA(13110) 
38: N(617) HP(1233) HA(2262) HM(2465) LM(3853) LA(4693) LP(191885) 
39: N(84) HP(300) HA(385) HM(389) LM(399) LP(416) LA(465) 
40: N(419) HP(1726) HA(2124) HM(2208) LM(2495) LP(2886) LA(3530) 
41: N(1896) HP(8606) HA(10527) HM(10987) LM(14277) LA(14721) LP(15582) 
42: N(1458) HP(6479) HA(8042) HM(8255) LM(10626) LP(11008) LA(12514) 
43: N(236) HP(913) HA(1151) HM(1186) LM(1364) LP(1384) LA(1666) 
44: N(1216) HP(2432) HA(4466) HM(4861) LM(8138) LA(10888) LP(742366) 
45: N(1138) HP(2275) HA(4193) HM(4549) LM(7373) LA(8310) LP(650365) 
46: N(426) HP(1715) HA(2160) HM(2226) LP(2514) LM(2564) LA(3614) 
47: N(1517) HP(6714) HA(8396) HM(8572) LM(10836) LP(11508) LA(12250) 
48: N(1799) HP(8186) HA(10051) HM(10410) LM(12820) LP(15784) LA(16104) 
49: N(929) HP(4061) HA(4994) HM(5138) LP(6042) LM(6815) LA(7523) 
50: N(1662) HP(7499) HA(9195) HM(9581) LM(12118) LP(12324) LA(13806) 
51: N(892) HP(3776) HA(4758) HM(4911) LM(5851) LA(6614) LP(7020) 
52: N(1431) HP(6385) HA(7884) HM(8119) LP(10912) LM(11034) LA(12930) 
53: N(751) HP(3179) HA(3986) HM(4075) LM(4984) LP(5461) LA(6549) 
54: N(1838) HP(3675) HA(6779) HM(7349) LM(12539) LA(14022) LP(1693715) 
55: N(1776) HP(7972) HA(9861) HM(10216) LM(13393) LP(15082) LA(16272) 
56: N(1623) HP(7313) HA(9018) HM(9315) LM(11842) LP(12312) LA(12866) 
57: N(778) HP(3329) HA(4112) HM(4277) LM(5220) LP(5660) LA(6042) 
58: N(1163) HP(5158) HA(6333) HM(6521) LP(7805) LM(7956) LA(10187) 
59: N(1824) HP(8268) HA(10158) HM(10513) LM(14446) LP(15283) LA(16373) 
60: N(109) HP(384) HA(493) HM(518) LM(524) LP(628) LA(630) 
61: N(693) HP(2924) HA(3656) HM(3754) LM(4433) LP(4803) LA(5027) 
62: N(428) HP(1731) HA(2149) HM(2243) LM(2564) LP(3277) LA(3338) 
63: N(687) HP(2903) HA(3609) HM(3705) LM(4638) LP(4886) LA(5482) 
64: N(1383) HP(6116) HA(7575) HM(7833) LM(10515) LP(10725) LA(12028) 
65: N(1857) HP(8466) HA(10323) HM(10686) LM(14069) LP(14705) LA(15258) 
66: N(728) HP(3074) HA(3837) HM(3967) LM(4876) LA(5093) LP(5209) 
67: N(1783) HP(7946) HA(9917) HM(10281) LM(15252) LP(15496) LA(16257) 
68: N(1095) HP(4762) HA(5922) HM(6123) LP(7204) LM(7881) LA(9738) 
69: N(1165) HP(5171) HA(6306) HM(6514) LM(8835) LP(9209) LA(9317) 
70: N(1552) HP(6920) HA(8513) HM(8915) LM(11961) LP(12886) LA(14442) 
71: N(1553) HP(3105) HA(5689) HM(6209) LM(11133) LA(12276) LP(1209785) 
72: N(1845) HP(8354) HA(10301) HM(10635) LM(13734) LP(14916) LA(16669) 
73: N(1237) HP(5477) HA(6751) HM(6978) LM(8796) LP(8899) LA(9900) 
74: N(1802) HP(3604) HA(6603) HM(7205) LM(12363) LA(15326) LP(1628105) 
75: N(578) HP(2422) HA(3042) HM(3127) LP(3597) LM(3685) LA(4406) 
76: N(101) HP(368) HA(464) HM(476) LP(495) LM(541) LA(635) 
77: N(74) HP(147) HA(267) HM(293) LM(347) LA(449) LP(2921) 
78: N(329) HP(1320) HA(1663) HM(1683) LP(1799) LM(1831) LA(2178) 
79: N(1057) HP(4595) HA(5709) HM(5869) LM(6481) LP(8714) LA(9317) 
80: N(244) HP(929) HA(1207) HM(1238) LP(1346) LM(1348) LA(1554) 
81: N(250) HP(961) HA(1202) HM(1272) LP(1430) LM(1430) LA(1648) 
82: N(373) HP(1502) HA(1880) HM(1949) LP(2288) LA(2436) LM(2496) 
83: N(1969) HP(3938) HA(7254) HM(7873) LM(13086) LA(17768) LP(1943401) 
84: N(1947) HP(8998) HA(10983) HM(11343) LM(14576) LP(15926) LA(18134) 
85: N(1449) HP(6429) HA(7917) HM(8232) LM(9961) LP(10717) LA(11566) 
86: N(1667) HP(7529) HA(9326) HM(9596) LM(13092) LP(13885) LA(14239) 
87: N(1265) HP(5552) HA(6880) HM(7074) LM(8950) LA(9932) LP(9995) 
88: N(348) HP(1379) HA(1745) HM(1795) LP(1967) LM(2035) LA(2365) 
89: N(452) HP(1863) HA(2324) HM(2424) LM(2715) LP(3026) LA(3411) 
90: N(1554) HP(7033) HA(8631) HM(8813) LM(12052) LA(12820) LP(13220) 
91: N(1436) HP(6365) HA(7901) HM(8125) LP(11189) LM(11456) LA(12549) 
92: N(1670) HP(7582) HA(9285) HM(9544) LM(12728) LP(13613) LA(13982) 
93: N(112) HP(405) LP(517) HA(522) HM(539) LM(552) LA(675) 
94: N(1825) HP(8362) HA(10202) HM(10552) LM(13581) LP(15496) LA(15861) 
95: N(444) HP(1808) HA(2261) HM(2344) LP(2691) LM(2798) LA(3261) 
96: N(1629) HP(7325) HA(9009) HM(9319) LP(11504) LM(11935) LA(15953) 
97: N(1237) HP(5487) HA(6770) HM(6994) LM(9216) LP(9423) LA(9748) 
98: N(242) HP(483) HA(880) HM(965) LM(1256) LA(1617) LP(29885) 
99: N(1843) HP(8359) HA(10251) HM(10533) LM(12566) LP(16081) LA(16750) 
100: N(56) HP(185) HA(246) LM(252) HM(257) LP(287) LA(324) 
101: N(925) HP(4048) HA(4945) HM(5136) LP(6507) LM(6731) LA(7247) 
102: N(1948) HP(8959) HA(10886) HM(11273) LM(14130) LP(14933) LA(19080) 
103: N(1146) HP(4985) HA(6188) HM(6456) LP(8475) LM(9336) LA(10749) 
104: N(1076) HP(4693) HA(5838) HM(6033) LA(7783) LM(7824) LP(8699) 
105: N(1763) HP(7931) HA(9810) HM(10151) LM(13600) LP(13877) LA(14242) 
106: N(1912) HP(3824) HA(6999) HM(7645) LM(12852) LA(18444) LP(1832650) 
107: N(245) HP(950) HA(1172) HM(1230) LM(1467) LA(1705) LP(1813) 
108: N(103) HP(380) HA(462) LM(466) HM(492) LP(556) LA(622) 
109: N(771) HP(3241) HA(4065) HM(4167) LM(5087) LA(5625) LP(6576) 
110: N(606) HP(2538) HA(3198) HM(3261) LM(4016) LP(4062) LA(4386) 
111: N(1760) HP(7977) HA(9850) HM(10195) LP(13214) LM(13499) LA(15691) 
112: N(1357) HP(6052) HA(7476) HM(7680) LM(8856) LP(10092) LA(11702) 
113: N(485) HP(969) HA(1792) HM(1937) LM(2757) LA(3440) LP(118823) 
114: N(654) HP(2757) HA(3407) HM(3499) LM(3942) LP(4532) LA(6251) 
115: N(279) HP(1098) HA(1359) HM(1414) LM(1589) LP(1837) LA(1862) 
116: N(804) HP(3445) HA(4251) HM(4425) LM(5507) LP(5915) LA(6372) 
117: N(443) HP(885) HA(1627) HM(1769) LM(2614) LA(3203) LP(99230) 
118: N(209) HP(781) HA(1011) HM(1044) LM(1230) LP(1337) LA(1416) 
119: N(1834) HP(8392) HA(10208) HM(10511) LP(13959) LM(14006) LA(16002) 
120: N(297) HP(1188) HA(1479) HM(1538) LM(1622) LP(1803) LA(1830) 
121: N(1080) HP(2160) HA(3962) HM(4317) LM(6788) LA(8747) LP(585898) 
122: N(792) HP(3363) HA(4166) HM(4358) LP(4988) LM(5331) LA(6249) 
123: N(871) HP(3771) HA(4719) HM(4835) LP(5557) LM(5950) LA(6925) 
124: N(957) HP(4127) HA(5186) HM(5287) LM(6452) LP(6618) LA(8144) 
125: N(1089) HP(4767) HA(5919) HM(6077) LM(7424) LP(7729) LA(8475) 
126: N(942) HP(4020) HA(5027) HM(5199) LM(6476) LP(7048) LA(7082) 
127: N(719) HP(2983) HA(3818) HM(3941) LA(4989) LM(5018) LP(5380) 
128: N(1003) HP(4390) HA(5426) HM(5613) LM(6867) LP(7001) LA(7477) 
129: N(962) HP(4152) HA(5164) HM(5308) LM(6751) LP(6881) LA(8217) 
130: N(477) HP(1930) HA(2470) HM(2519) LM(2761) LP(3103) LA(3641) 
131: N(118) HP(440) HA(559) HM(579) LM(659) LA(663) LP(695) 
132: N(1663) HP(7460) HA(9256) HM(9510) LM(11935) LA(12640) LP(12976) 
133: N(1544) HP(6870) HA(8465) HM(8805) LM(11109) LP(11927) LA(14483) 
134: N(1066) HP(4630) HA(5731) HM(5932) LM(7115) LP(7845) LA(9046) 
135: N(808) HP(3483) HA(4304) HM(4464) LM(5938) LP(6096) LA(6369) 
136: N(1919) HP(8777) HA(10749) HM(11042) LM(15715) LP(16146) LA(16238) 
137: N(815) HP(3500) HA(4319) HM(4517) LM(5566) LA(6100) LP(6708) 
138: N(1118) HP(4899) HA(6049) HM(6230) LM(7801) LP(7916) LA(9312) 
139: N(1192) HP(5220) HA(6516) HM(6752) LP(8057) LM(8899) LA(9105) 
140: N(602) HP(2490) HA(3096) HM(3236) LM(3802) LP(3893) LA(4775) 
141: N(1191) HP(5276) HA(6385) HM(6676) LP(8340) LM(9218) LA(9869) 
142: N(1907) HP(8657) HA(10733) HM(11065) LM(13390) LP(15568) LA(16733) 
143: N(1267) HP(5651) HA(6912) HM(7143) LM(9197) LP(9561) LA(11838) 
144: N(1522) HP(6767) HA(8388) HM(8644) LM(11107) LA(12743) LP(13807) 
145: N(414) HP(1677) HA(2077) HM(2155) LM(2590) LP(2985) LA(3252) 
146: N(366) HP(1448) HA(1832) HM(1890) LM(2149) LA(2284) LP(2404) 
147: N(1912) HP(8609) HA(10725) HM(11021) LM(14284) LA(15596) LP(15889) 
148: N(1312) HP(5823) HA(7167) HM(7422) LM(9301) LA(10029) LP(10525) 
149: N(1199) HP(5309) HA(6579) HM(6741) LM(8633) LP(9118) LA(9726) 
150: N(655) HP(2726) HA(3428) HM(3578) LM(4555) LA(4985) LP(5631) 
151: N(1565) HP(7036) HA(8599) HM(8958) LM(11607) LA(12148) LP(12682) 
152: N(1461) HP(6484) HA(8036) HM(8388) LM(10092) LP(11385) LA(11883) 
153: N(1356) HP(6041) HA(7462) HM(7682) LM(9765) LP(11487) LA(11496) 
154: N(1027) HP(4483) HA(5517) HM(5674) LM(6394) LP(7813) LA(8285) 
155: N(1208) HP(2416) HA(4430) HM(4828) LM(8069) LA(11043) LP(732650) 
156: N(1883) HP(8589) HA(10545) HM(10952) LM(14514) LA(15306) LP(15501) 
157: N(1013) HP(2025) HA(3718) HM(4049) LM(6127) LA(7513) LP(515615) 
158: N(1330) HP(5909) HA(7338) HM(7518) LM(9256) LP(10203) LA(11094) 
159: N(1925) HP(8859) HA(10725) HM(11090) LM(14972) LP(15314) LA(17858) 
160: N(1914) HP(8744) HA(10717) HM(11126) LP(14149) LM(15025) LA(18410) 
161: N(1140) HP(4959) HA(6225) HM(6360) LP(8030) LM(8052) LA(9781) 
162: N(1264) HP(5622) HA(6845) HM(7112) LA(9540) LM(9790) LP(10116) 
163: N(1486) HP(6677) HA(8223) HM(8506) LM(11237) LP(11847) LA(12777) 
164: N(1473) HP(6600) HA(8035) HM(8432) LM(10572) LP(11446) LA(13054) 
165: N(1777) HP(8118) HA(9929) HM(10208) LM(13022) LP(14713) LA(15841) 
166: N(426) HP(1741) HA(2139) HM(2213) LM(2432) LP(2861) LA(3332) 
167: N(1691) HP(7594) HA(9407) HM(9734) LM(13171) LP(14164) LA(14241) 
168: N(63) HP(125) HA(228) HM(249) LM(254) LA(440) LP(2140) 
169: N(1842) HP(8343) HA(10340) HM(10598) LM(13701) LP(14385) LA(15461) 
170: N(1339) HP(5982) HA(7328) HM(7609) LM(9107) LP(10235) LA(11254) 
171: N(1442) HP(6460) HA(7899) HM(8214) LM(10350) LA(11818) LP(12701) 
172: N(1160) HP(5047) HA(6280) HM(6524) LM(7959) LA(8473) LP(8541) 
173: N(1797) HP(8189) HA(10079) HM(10390) LM(13122) LP(13833) LA(15885) 
174: N(322) HP(1275) HA(1604) HM(1662) LM(1862) LP(1953) LA(2288) 
175: N(1243) HP(5463) HA(6752) HM(6997) LM(8730) LP(10389) LA(10546) 
176: N(11) HP(31) LM(35) HA(40) HM(44) LP(45) LA(46) 
177: N(1904) HP(8580) HA(10559) HM(10957) LM(13293) LA(16183) LP(18031) 
178: N(326) HP(1292) HA(1634) HM(1683) LP(1769) LM(1918) LA(2395) 
179: N(700) HP(2950) HA(3679) HM(3812) LM(4332) LP(5308) LA(5653) 
180: N(1432) HP(2863) HA(5292) HM(5725) LM(10164) LA(11298) LP(1028890) 
181: N(387) HP(1556) HA(1958) HM(2016) LM(2114) LP(2416) LA(2964) 
182: N(57) HP(195) LM(225) HA(249) HM(262) LP(273) LA(298) 
183: N(1130) HP(4996) HA(6157) HM(6378) LM(8452) LP(9117) LA(9244) 
184: N(387) HP(1556) HA(1967) HM(2026) LM(2269) LP(2740) LA(2796) 
185: N(1304) HP(5762) HA(7073) HM(7334) LM(9231) LP(10264) LA(10472) 
186: N(1276) HP(5619) HA(6932) HM(7210) LM(9065) LA(9509) LP(11064) 
187: N(287) HP(1152) HA(1434) HM(1472) LM(1659) LP(1873) LA(2067) 
188: N(458) HP(1854) HA(2351) HM(2414) LM(2685) LA(3266) LP(3492) 
189: N(1249) HP(2497) HA(4585) HM(4993) LM(8451) LA(12056) LP(783121) 
190: N(1954) HP(8888) HA(10992) HM(11302) LM(14131) LP(15718) LA(17460) 
191: N(727) HP(1453) HA(2677) HM(2905) LM(4818) LA(6706) LP(266080) 
192: N(1274) HP(5553) HA(6977) HM(7194) LM(8860) LP(9258) LA(10649) 
193: N(1666) HP(3332) HA(6128) HM(6661) LM(11728) LA(15501) LP(1391941) 
194: N(1252) HP(5502) HA(6826) HM(7044) LP(8670) LM(8966) LA(10143) 
195: N(291) HP(1168) HA(1457) HM(1483) LP(1738) LM(1870) LA(2108) 
196: N(1702) HP(7720) HA(9440) HM(9772) LM(12003) LP(14497) LA(14770) 
197: N(554) HP(1107) HA(2018) HM(2213) LM(3265) LA(4408) LP(154841) 
198: N(1361) HP(6085) HA(7487) HM(7674) LM(9711) LA(10224) LP(10327) 
199: N(541) HP(2269) HA(2820) HM(2881) LP(3599) LM(3731) LA(4171) 
200: N(1579) HP(7099) HA(8671) HM(9096) LM(11228) LP(11555) LA(12863) 
201: N(1435) HP(6432) HA(7946) HM(8169) LM(10386) LA(10871) LP(11374) 
202: N(1765) HP(7935) HA(9819) HM(10174) LM(12886) LP(13915) LA(17007) 
203: N(1806) HP(8204) HA(10043) HM(10417) LM(13985) LP(15019) LA(15669) 
204: N(722) HP(3054) HA(3854) HM(3949) LM(4596) LP(5146) LA(5778) 
205: N(460) HP(1924) HA(2392) HM(2438) LP(3004) LM(3045) LA(3862) 
206: N(453) HP(1864) HA(2345) HM(2412) LP(2842) LM(2954) LA(3063) 
207: N(703) HP(2962) HA(3703) HM(3825) LM(4583) LA(5440) LP(5543) 
208: N(386) HP(1579) HA(1967) HM(2015) LM(2335) LP(2482) LA(3246) 
209: N(347) HP(693) HA(1275) HM(1385) LM(2098) LA(2460) LP(61070) 
210: N(1473) HP(6558) HA(8083) HM(8432) LM(10359) LP(10994) LA(11596) 
211: N(222) HP(867) HA(1086) HM(1132) LP(1232) LM(1278) LA(1349) 
212: N(439) HP(1788) HA(2259) HM(2321) LM(2872) LP(3032) LA(3197) 
213: N(1241) HP(5539) HA(6754) HM(6995) LM(8453) LA(10197) LP(10343) 
214: N(1521) HP(6772) HA(8376) HM(8599) LM(11544) LP(13687) LA(13798) 
215: N(379) HP(1528) HA(1901) HM(1977) LP(2219) LM(2535) LA(2643) 
216: N(1111) HP(4863) HA(5977) HM(6203) LM(7560) LP(8025) LA(9383) 
217: N(1799) HP(8138) HA(9972) HM(10361) LM(13383) LP(15094) LA(16250) 
218: N(1768) HP(8029) HA(9915) HM(10203) LM(13266) LP(13937) LA(14839) 
219: N(564) HP(2365) HA(2925) HM(3015) LM(3664) LP(3992) LA(4076) 
220: N(1205) HP(5369) HA(6523) HM(6697) LM(7797) LP(8812) LA(11184) 
221: N(79) HP(272) HA(361) LM(368) HM(374) LP(409) LA(526) 
222: N(1703) HP(7701) HA(9477) HM(9747) LM(12142) LP(12161) LA(15341) 
223: N(1082) HP(4692) HA(5811) HM(5982) LP(7367) LM(7556) LA(9646) 
224: N(1674) HP(7521) HA(9243) HM(9579) LM(12858) LA(15005) LP(15823) 
225: N(402) HP(1620) HA(2029) HM(2109) LM(2545) LA(2665) LP(3472) 
226: N(712) HP(3029) HA(3774) HM(3917) LM(4408) LP(4708) LA(5936) 
227: N(1440) HP(6478) HA(7934) HM(8215) LP(9979) LM(10754) LA(13057) 
228: N(860) HP(3707) HA(4689) HM(4767) LM(5409) LP(5881) LA(6670) 
229: N(1512) HP(6782) HA(8324) HM(8597) LM(11580) LP(12266) LA(12790) 
230: N(1925) HP(8747) HA(10826) HM(11145) LM(13710) LP(15409) LA(16928) 
231: N(1878) HP(8548) HA(10452) HM(10869) LM(13067) LA(15639) LP(16390) 
232: N(1865) HP(8584) HA(10340) HM(10798) LM(14333) LP(15998) LA(16722) 
233: N(42) HP(143) LM(176) HA(178) HM(184) LA(187) LP(197) 
234: N(192) HP(726) HA(905) HM(945) LM(1037) LP(1101) LA(1367) 
235: N(1552) HP(6964) HA(8556) HM(8856) LM(10999) LP(12265) LA(13849) 
236: N(766) HP(3228) HA(4048) HM(4160) LP(4836) LM(5747) LA(5969) 
237: N(1630) HP(3260) HA(6008) HM(6517) LM(11560) LA(13656) LP(1332523) 
238: N(1638) HP(7420) HA(9094) HM(9470) LM(11727) LP(13801) LA(14632) 
239: N(386) HP(1555) HA(1943) HM(2006) LM(2301) LA(2563) LP(2733) 
240: N(174) HP(629) HA(826) HM(851) LM(900) LP(1044) LA(1092) 
241: N(1999) HP(9244) HA(11105) HM(11598) LP(14703) LM(15088) LA(21122) 
242: N(314) HP(627) HA(1155) HM(1253) LM(1819) LA(2262) LP(50081) 
243: N(80) HP(159) HA(290) HM(317) LM(391) LA(419) LP(3398) 
244: N(1195) HP(5295) HA(6459) HM(6698) LP(7809) LM(8726) LA(9603) 
245: N(119) HP(431) HA(538) HM(576) LM(645) LP(668) LA(908) 
246: N(444) HP(1809) HA(2266) HM(2325) LP(2718) LM(2768) LA(3199) 
247: N(1020) HP(4422) HA(5462) HM(5666) LM(6801) LP(6982) LA(7801) 
248: N(453) HP(1852) HA(2317) HM(2379) LM(2607) LP(2782) LA(3632) 
249: N(1732) HP(7809) HA(9560) HM(9915) LP(13249) LA(13736) LM(14386) 
250: N(843) HP(3619) HA(4511) HM(4632) LM(6264) LA(6425) LP(6600) 
251: N(1732) HP(7804) HA(9598) HM(9926) LM(12976) LP(14270) LA(18463) 
252: N(873) HP(3739) HA(4681) HM(4788) LP(6512) LM(6601) LA(7884) 
253: N(331) HP(1324) HA(1652) HM(1721) LM(1839) LA(2305) LP(2665) 
254: N(287) HP(1137) HA(1429) LP(1468) HM(1485) LM(1570) LA(2358) 
255: N(1795) HP(8179) HA(10043) HM(10418) LM(13192) LP(14220) LA(16845) 
256: N(1400) HP(6238) HA(7686) HM(7917) LM(9527) LA(10673) LP(10693) 
257: N(536) HP(2208) HA(2784) HM(2865) LM(3508) LP(4036) LA(4250) 
258: N(1637) HP(7429) HA(9047) HM(9413) LM(11577) LP(12691) LA(14401) 
259: N(1824) HP(3648) HA(6662) HM(7293) LM(12469) LA(14988) LP(1668046) 
260: N(1372) HP(6145) HA(7602) HM(7725) LM(10866) LP(11168) LA(11222) 
261: N(231) HP(900) HA(1111) HM(1184) LM(1321) LP(1467) LA(1719) 
262: N(1589) HP(7088) HA(8797) HM(9136) LP(11508) LM(11593) LA(14514) 
263: N(638) HP(2656) HA(3365) HM(3478) LM(4031) LP(4940) LA(5505) 
264: N(1064) HP(4639) HA(5714) HM(5961) LM(7248) LP(7809) LA(8012) 
265: N(918) HP(3963) HA(4854) HM(5058) LM(6197) LP(6821) LA(7556) 
266: N(890) HP(3850) HA(4762) HM(4888) LM(5633) LP(6200) LA(7323) 
267: N(1978) HP(8951) HA(11041) HM(11398) LM(14037) LA(17253) LP(17752) 
268: N(1533) HP(6819) HA(8521) HM(8670) LM(11298) LP(11586) LA(13358) 
269: N(893) HP(3816) HA(4789) HM(4943) LM(6246) LP(6565) LA(6962) 
270: N(1026) HP(2054) HA(3768) HM(4101) LM(6202) LA(8302) LP(528901) 
271: N(263) HP(1056) HA(1297) HM(1343) LM(1462) LA(1635) LP(1793) 
272: N(1818) HP(8273) HA(10015) HM(10466) LM(12550) LP(13939) LA(14278) 
273: N(614) HP(2558) HA(3220) HM(3348) LM(3954) LP(4357) LA(4435) 
274: N(1685) HP(7510) HA(9364) HM(9709) LP(11535) LM(11884) LA(14461) 
275: N(810) HP(3485) HA(4240) HM(4383) LM(5336) LP(5586) LA(6550) 
276: N(715) HP(3027) HA(3795) HM(3878) LM(5116) LA(5366) LP(5671) 
277: N(1560) HP(7034) HA(8677) HM(8854) LM(11306) LA(13333) LP(13613) 
278: N(1076) HP(4702) HA(5837) HM(5989) LM(7788) LP(8020) LA(8861) 
279: N(1189) HP(5285) HA(6484) HM(6657) LM(8847) LA(8893) LP(9624) 
280: N(194) HP(720) HA(935) HM(962) LP(1005) LM(1057) LA(1335) 
281: N(1663) HP(7493) HA(9262) HM(9495) LP(12516) LM(12857) LA(15740) 
282: N(307) HP(1236) HA(1536) HM(1556) LM(1830) LP(1855) LA(2050) 
283: N(1172) HP(5154) HA(6372) HM(6603) LP(7888) LM(8304) LA(9446) 
284: N(145) HP(536) HA(689) HM(707) LM(733) LP(768) LA(826) 
285: N(21) LP(62) HP(63) LM(74) HM(82) HA(82) LA(83) 
286: N(172) HP(645) HA(820) HM(850) LM(1001) LA(1122) LP(1130) 
287: N(331) HP(1306) HA(1633) HM(1738) LP(1902) LM(2030) LA(2646) 
288: N(1932) HP(8865) HA(10817) HM(11186) LM(14569) LA(14643) LP(16406) 
289: N(1903) HP(3805) HA(6978) HM(7609) LM(12814) LA(16114) LP(1815460) 
290: N(419) HP(1714) HA(2118) HM(2187) LM(2635) LP(3119) LA(3396) 
291: N(1335) HP(5941) HA(7342) HM(7581) LP(9125) LM(9405) LA(11416) 
292: N(1352) HP(6019) HA(7398) HM(7618) LM(9433) LP(9746) LA(10796) 
293: N(1149) HP(5107) HA(6197) HM(6447) LM(7781) LA(9197) LP(9367) 
294: N(599) HP(2475) HA(3138) HM(3199) LM(4150) LP(4326) LA(4774) 
295: N(1174) HP(5069) HA(6343) HM(6548) LM(8299) LA(9781) LP(11142) 
296: N(554) HP(2294) HA(2832) HM(2956) LM(3558) LP(3625) LA(3898) 
297: N(779) HP(1557) HA(2840) HM(3113) LM(5194) LA(5386) LP(305366) 
298: N(914) HP(3933) HA(4863) HM(5083) LM(6715) LP(6951) LA(7346) 
299: N(507) HP(2091) HA(2604) HM(2688) LM(3437) LP(3520) LA(3773) 
300: N(1142) HP(4927) HA(6191) HM(6426) LM(7482) LA(8944) LP(9021) 
301: N(387) HP(1555) HA(1946) HM(2031) LP(2473) LM(2670) LA(2913) 
302: N(1379) HP(6129) HA(7593) HM(7827) LM(10029) LA(10878) LP(11310) 
303: N(672) HP(2883) HA(3478) HM(3691) LM(4184) LP(4594) LA(5737) 
304: N(1587) HP(7101) HA(8744) HM(9138) LM(10814) LP(12144) LA(13416) 
305: N(86) HP(309) HA(396) HM(399) LM(436) LP(473) LA(533) 
306: N(1578) HP(7050) HA(8774) HM(9062) LM(12053) LP(12273) LA(14187) 
307: N(350) HP(1405) HA(1758) HM(1813) LM(1996) LP(2389) LA(2426) 
308: N(796) HP(3395) HA(4246) HM(4371) LP(5383) LM(5750) LA(6403) 
309: N(1484) HP(6662) HA(8146) HM(8455) LM(10804) LP(12268) LA(13200) 
310: N(746) HP(1491) HA(2727) HM(2981) LM(4971) LA(5402) LP(280121) 
311: N(1737) HP(7793) HA(9671) HM(9975) LP(12487) LM(12577) LA(14542) 
312: N(1722) HP(7771) HA(9578) HM(9877) LM(12305) LP(13553) LA(13970) 
313: N(1422) HP(6367) HA(7761) HM(8117) LM(10109) LP(11093) LA(12702) 
314: N(1962) HP(9085) HA(10994) HM(11309) LM(14828) LP(15153) LA(17682) 
315: N(883) HP(3816) HA(4674) HM(4870) LM(5739) LA(6017) LP(6347) 
316: N(1969) HP(3937) HA(7240) HM(7873) LM(13079) LA(17121) LP(1943401) 
317: N(15) HP(44) HM(56) HA(57) LM(58) LP(61) LA(73) 
318: N(1575) HP(7050) HA(8745) HM(8980) LM(11162) LP(13315) LA(13380) 
319: N(617) HP(2565) HA(3191) HM(3321) LM(3825) LP(4410) LA(4587) 
320: N(240) HP(937) HA(1158) HM(1212) LP(1357) LM(1363) LA(1695) 
321: N(1204) HP(5348) HA(6572) HM(6766) LM(8547) LP(8906) LA(10022) 
322: N(1537) HP(6835) HA(8379) HM(8773) LM(10674) LP(13003) LA(14315) 
323: N(1696) HP(7577) HA(9422) HM(9745) LM(12567) LP(12999) LA(13716) 
324: N(33) HP(104) LM(129) LP(134) HA(137) HM(144) LA(157) 
325: N(65) HP(129) HA(233) HM(257) LM(273) LA(363) LP(2273) 
326: N(1238) HP(5436) HA(6750) HM(6980) LA(9211) LM(9219) LP(9586) 
327: N(24) HP(71) HA(99) HM(101) LP(108) LM(117) LA(119) 
328: N(848) HP(3623) HA(4462) HM(4632) LP(5711) LM(5756) LA(7582) 
329: N(229) HP(893) HA(1134) HM(1153) LM(1362) LA(1382) LP(1606) 
330: N(180) HP(673) HA(872) HM(894) LP(969) LM(1027) LA(1133) 
331: N(1699) HP(7660) HA(9456) HM(9755) LM(12482) LP(14327) LA(16194) 
332: N(1965) HP(9005) HA(10972) HM(11346) LP(15804) LM(15857) LA(19741) 
333: N(1459) HP(6555) HA(8028) HM(8298) LM(10382) LA(11498) LP(11503) 
334: N(306) HP(1217) HA(1523) HM(1550) LM(1684) LA(1913) LP(2180) 
335: N(1715) HP(7798) HA(9559) HM(9863) LM(12011) LA(14185) LP(14220) 
336: N(431) HP(1743) HA(2174) HM(2278) LM(2731) LA(3139) LP(3395) 
337: N(527) HP(1053) HA(1952) HM(2105) LM(2990) LA(3999) LP(140180) 
338: N(231) HP(461) HA(847) HM(921) LM(1226) LA(1432) LP(27256) 
339: N(1538) HP(3076) HA(5649) HM(6149) LM(11029) LA(13104) LP(1186565) 
340: N(104) HP(364) HA(475) LM(505) HM(505) LP(601) LA(725) 
341: N(1768) HP(8036) HA(9836) HM(10151) LP(12799) LM(13256) LA(15529) 
342: N(172) HP(643) HA(811) LP(825) HM(837) LM(957) LA(1010) 
343: N(249) HP(966) HA(1221) HM(1281) LM(1346) LA(1492) LP(1955) 
344: N(576) HP(2416) HA(2993) HM(3137) LM(3499) LP(4494) LA(4684) 
345: N(1704) HP(7690) HA(9435) HM(9753) LM(12883) LA(13109) LP(15420) 
346: N(660) HP(1319) HA(2420) HM(2637) LM(4240) LA(5271) LP(219448) 
347: N(1625) HP(7297) HA(9092) HM(9315) LM(10520) LP(12785) LA(14360) 
348: N(770) HP(3264) HA(4045) HM(4197) LA(5293) LM(5738) LP(5925) 
349: N(1500) HP(6662) HA(8254) HM(8562) LM(10332) LP(11371) LA(12392) 
350: N(1028) HP(4456) HA(5497) HM(5802) LM(6649) LP(7523) LA(8966) 
351: N(898) HP(3847) HA(4794) HM(4986) LM(6205) LA(6611) LP(7173) 
352: N(843) HP(3602) HA(4487) HM(4639) LM(5472) LA(7113) LP(7152) 
353: N(910) HP(3949) HA(4858) HM(5035) LM(5795) LP(6545) LA(8048) 
354: N(1658) HP(7526) HA(9137) HM(9521) LM(11828) LP(12973) LA(15864) 
355: N(1037) HP(4474) HA(5616) HM(5783) LM(7590) LP(8213) LA(8298) 
356: N(1249) HP(2498) HA(4579) HM(4993) LM(8451) LA(9780) LP(783121) 
357: N(933) HP(4088) HA(5031) HM(5230) LM(6409) LA(7847) LP(7986) 
358: N(719) HP(3024) HA(3811) HM(3921) LM(4467) LP(5740) LA(5925) 
359: N(1608) HP(3215) HA(5905) HM(6429) LM(11449) LA(14312) LP(1296850) 
360: N(1866) HP(8490) HA(10456) HM(10786) LP(13815) LM(13960) LA(15470) 
361: N(828) HP(3590) HA(4414) HM(4567) LM(5574) LP(6100) LA(6869) 
362: N(1793) HP(3587) HA(6568) HM(7167) LM(12302) LA(14093) LP(1611905) 
363: N(752) HP(3252) HA(3996) HM(4090) LP(5624) LM(5750) LA(5828) 
364: N(551) HP(2266) HA(2850) HM(2963) LM(3398) LP(3470) LA(4234) 
365: N(1064) HP(4658) HA(5730) HM(5953) LM(6899) LP(8328) LA(8679) 
366: N(136) HP(509) HA(639) HM(658) LA(759) LP(775) LM(833) 
367: N(715) HP(2994) HA(3717) HM(3862) LM(4964) LP(5289) LA(5398) 
368: N(1976) HP(9018) HA(11059) HM(11415) LM(15242) LP(15283) LA(16781) 
369: N(263) HP(1028) HA(1299) HM(1336) LM(1417) LP(1431) LA(2049) 
370: N(632) HP(2672) HA(3342) HM(3417) LA(4382) LP(4527) LM(4621) 
371: N(637) HP(2654) HA(3356) HM(3435) LM(4017) LP(4047) LA(4711) 
372: N(29) HP(90) LP(98) LM(112) HA(117) HM(122) LA(133) 
373: N(55) HP(199) LM(231) HA(237) HM(250) LA(260) LP(267) 
374: N(411) HP(1694) HA(2066) HM(2131) LP(2417) LM(2579) LA(3194) 
375: N(1792) HP(8156) HA(10003) HM(10306) LM(13084) LP(13800) LA(16280) 
376: N(1162) HP(5107) HA(6205) HM(6522) LM(8238) LA(8436) LP(9572) 
377: N(1248) HP(5550) HA(6842) HM(7011) LM(8584) LP(8718) LA(9739) 
378: N(1964) HP(8957) HA(11028) HM(11381) LP(14399) LM(14415) LA(17510) 
379: N(716) HP(2963) HA(3758) HM(3876) LM(4277) LP(4705) LA(5715) 
380: N(1304) HP(5792) HA(7223) HM(7371) LM(9586) LA(10809) LP(11294) 
381: N(1937) HP(3873) HA(7133) HM(7745) LM(12953) LA(16519) LP(1880825) 
382: N(522) HP(2144) HA(2702) HM(2755) LP(3126) LM(3640) LA(4073) 
383: N(441) HP(1823) HA(2229) HM(2353) LM(2780) LP(2900) LA(3473) 
384: N(1831) HP(8397) HA(10271) HM(10483) LM(14327) LP(15066) LA(16848) 
385: N(1142) HP(4976) HA(6211) HM(6423) LP(7690) LM(8135) LA(9779) 
386: N(339) HP(1351) HA(1691) HM(1768) LP(1903) LM(2094) LA(2330) 
387: N(109) HP(217) HA(396) HM(433) LM(539) LA(599) LP(6211) 
388: N(1019) HP(4486) HA(5495) HM(5690) LM(7141) LA(8512) LP(9576) 
389: N(132) HP(494) HA(622) HM(640) LM(660) LP(706) LA(769) 
390: N(69) HP(241) HA(299) HM(314) LP(320) LM(362) LA(400) 
391: N(1172) HP(5190) HA(6346) HM(6601) LM(8154) LA(9303) LP(9999) 
392: N(309) HP(1203) HA(1550) HM(1578) LM(1778) LP(1935) LA(2183) 
393: N(417) HP(1714) HA(2124) HM(2203) LM(2448) LP(2585) LA(2892) 
394: N(332) HP(1300) HA(1676) HM(1720) LM(1832) LP(1970) LA(2318) 
395: N(207) HP(800) HA(997) HM(1063) LP(1070) LM(1166) LA(1292) 
396: N(155) HP(569) HA(724) LM(752) HM(760) LP(888) LA(934) 
397: N(405) HP(1616) HA(2041) HM(2110) LP(2574) LM(2658) LA(2904) 
398: N(213) HP(820) HA(1046) HM(1071) LM(1243) LA(1421) LP(1580) 
399: N(1868) HP(8425) HA(10319) HM(10739) LM(13121) LP(14742) LA(17080) 
400: N(1265) HP(5598) HA(6916) HM(7163) LM(8599) LP(9746) LA(10147) 
401: N(504) HP(2075) HA(2573) HM(2700) LM(3231) LP(3570) LA(4126) 
402: N(159) HP(598) HA(761) HM(779) LP(808) LM(811) LA(943) 
403: N(683) HP(2881) HA(3541) HM(3737) LM(4708) LP(4875) LA(5508) 
404: N(1602) HP(7210) HA(8829) HM(9177) LM(11830) LP(13863) LA(14889) 
405: N(1836) HP(8369) HA(10290) HM(10637) LM(14090) LP(15172) LA(15201) 
406: N(1030) HP(4460) HA(5553) HM(5720) LM(7226) LP(8241) LA(8813) 
407: N(587) HP(2493) HA(3086) HM(3173) LP(4113) LM(4129) LA(4609) 
408: N(1751) HP(7863) HA(9787) HM(10042) LM(13533) LP(14622) LA(16175) 
409: N(408) HP(1651) HA(2115) HM(2123) LM(2380) LP(2877) LA(2923) 
410: N(1165) HP(5183) HA(6302) HM(6499) LM(8354) LP(9629) LA(10352) 
411: N(1575) HP(7095) HA(8661) HM(9037) LM(11828) LA(12900) LP(13536) 
412: N(1821) HP(8181) HA(10146) HM(10471) LM(13476) LP(15437) LA(15669) 
413: N(304) HP(607) HA(1114) HM(1213) LM(1736) LA(2071) LP(46966) 
414: N(1569) HP(7007) HA(8595) HM(8943) LM(12045) LP(12385) LA(13243) 
415: N(22) LP(64) HP(67) LM(78) HA(87) HM(88) LA(89) 
416: N(1299) HP(5699) HA(7049) HM(7296) LM(9317) LP(9396) LA(10456) 
417: N(302) HP(1194) HA(1499) HM(1565) LM(1730) LP(1834) LA(2323) 
418: N(1795) HP(8083) HA(9909) HM(10284) LP(13229) LA(14428) LM(14907) 
419: N(1010) HP(2019) HA(3705) HM(4037) LM(6120) LA(7966) LP(512573) 
420: N(1547) HP(6937) HA(8571) HM(8785) LM(10812) LP(11903) LA(12008) 
421: N(1768) HP(8067) HA(9795) HM(10180) LP(13203) LM(13430) LA(15916) 
422: N(929) HP(4033) HA(4995) HM(5127) LM(5985) LP(6993) LA(7248) 
423: N(602) HP(1203) HA(2204) HM(2405) LM(3718) LA(4347) LP(182705) 
424: N(636) HP(2698) HA(3296) HM(3443) LM(4220) LP(4286) LA(4848) 
425: N(1123) HP(2245) HA(4129) HM(4489) LM(7226) LA(9556) LP(633370) 
426: N(1612) HP(7251) HA(8974) HM(9274) LM(11870) LA(12517) LP(13136) 
427: N(1212) HP(5302) HA(6568) HM(6837) LP(8458) LM(9021) LA(10440) 
428: N(414) HP(1667) HA(2096) HM(2173) LP(2469) LM(2571) LA(3132) 
429: N(163) HP(615) HA(779) HM(794) LM(903) LP(996) LA(1050) 
430: N(108) HP(215) HA(394) HM(429) LA(504) LM(537) LP(6100) 
431: N(380) HP(1526) HA(1927) HM(2002) LM(2280) LP(2416) LA(2918) 
432: N(937) HP(4036) HA(5011) HM(5209) LM(6818) LP(8073) LA(9182) 
433: N(357) HP(1428) HA(1790) HM(1842) LM(2243) LP(2318) LA(2882) 
434: N(910) HP(3910) HA(4874) HM(4997) LP(5949) LM(6023) LA(6921) 
435: N(213) HP(425) HA(777) HM(849) LM(1173) LA(1422) LP(23215) 
436: N(1070) HP(4666) HA(5801) HM(5975) LM(8086) LP(9020) LA(9169) 
437: N(885) HP(3700) HA(4708) HM(4861) LM(5817) LP(5983) LA(7222) 
438: N(898) HP(3859) HA(4802) HM(4951) LM(5860) LA(6521) LP(6693) 
439: N(707) HP(3012) HA(3679) HM(3858) LM(4321) LP(4995) LA(6244) 
440: N(195) HP(389) HA(718) HM(777) LM(1106) LA(1256) LP(19498) 
441: N(215) HP(815) HA(1053) HM(1082) LM(1104) LP(1253) LA(1329) 
442: N(1951) HP(8900) HA(10826) HM(11226) LM(13833) LP(14832) LA(18604) 
443: N(1831) HP(8346) HA(10082) HM(10528) LM(14050) LP(15810) LA(17620) 
444: N(1774) HP(8039) HA(9802) HM(10161) LM(13958) LP(14384) LA(14802) 
445: N(501) HP(2092) HA(2587) HM(2665) LP(3229) LM(3376) LA(4055) 
446: N(578) HP(2428) HA(2988) HM(3114) LP(3414) LM(3681) LA(4609) 
447: N(757) HP(3243) HA(3964) HM(4178) LM(4945) LP(5869) LA(6557) 
448: N(503) HP(2088) HA(2542) HM(2662) LP(2992) LM(3175) LA(4123) 
449: N(1064) HP(4581) HA(5760) HM(5923) LM(7478) LA(8686) LP(9320) 
450: N(1501) HP(6732) HA(8167) HM(8511) LM(10342) LP(11245) LA(13723) 
451: N(608) HP(2593) HA(3144) HM(3253) LP(3863) LM(4070) LA(4451) 
452: N(440) HP(1768) HA(2233) HM(2332) LM(2606) LP(2969) LA(3339) 
453: N(1313) HP(5812) HA(7201) HM(7398) LM(10103) LA(10688) LP(11092) 
454: N(1331) HP(5908) HA(7193) HM(7490) LP(10242) LM(10479) LA(11654) 
455: N(108) HP(389) HA(500) HM(521) LM(547) LP(589) LA(652) 
456: N(1763) HP(3525) HA(6459) HM(7049) LM(12194) LA(14620) LP(1558490) 
457: N(1016) HP(4411) HA(5461) HM(5651) LP(6805) LM(6835) LA(8631) 
458: N(937) HP(4050) HA(4986) HM(5185) LM(6610) LP(6932) LA(6996) 
459: N(248) HP(974) HA(1214) HM(1257) LM(1333) LA(1666) LP(2008) 
460: N(1737) HP(7789) HA(9637) HM(9908) LM(13109) LA(14959) LP(15426) 
461: N(571) HP(2348) HA(2934) HM(3060) LM(3790) LA(4157) LP(5156) 
462: N(131) HP(261) HA(476) HM(521) LM(614) LA(909) LP(8906) 
463: N(1829) HP(8418) HA(10207) HM(10553) LM(13185) LP(13702) LA(15496) 
464: N(505) HP(2079) HA(2616) HM(2687) LM(3315) LA(3462) LP(3548) 
465: N(392) HP(1627) HA(1982) HM(2074) LM(2358) LP(2409) LA(2765) 
466: N(626) HP(2645) HA(3282) HM(3375) LP(4352) LM(4354) LA(4507) 
467: N(1862) HP(8399) HA(10366) HM(10696) LP(14162) LM(14530) LA(16537) 
468: N(283) HP(1121) HA(1406) HM(1453) LP(1834) LA(1975) LM(2177) 
469: N(62) HP(123) HA(222) HM(245) LM(254) LA(291) LP(2075) 
470: N(725) HP(3050) HA(3862) HM(3917) LM(4793) LP(5166) LA(5723) 
471: N(757) HP(3240) HA(3946) HM(4145) LM(4868) LP(5815) LA(7068) 
472: N(1590) HP(7104) HA(8758) HM(9074) LP(11708) LM(11878) LA(13243) 
473: N(185) HP(687) HA(879) HM(919) LM(1072) LA(1085) LP(1257) 
474: N(1834) HP(8443) HA(10286) HM(10608) LM(13404) LP(13693) LA(16938) 
475: N(1243) HP(5533) HA(6785) HM(6995) LM(8472) LP(9663) LA(10044) 
476: N(159) HP(591) LM(746) HA(749) HM(784) LP(994) LA(1039) 
477: N(893) HP(3861) HA(4728) HM(4893) LM(5822) LP(6581) LA(6801) 
478: N(959) HP(4189) HA(5132) HM(5322) LP(6495) LM(6541) LA(7539) 
479: N(1585) HP(7030) HA(8820) HM(8956) LM(11927) LP(12574) LA(14103) 
480: N(1826) HP(8289) HA(10222) HM(10501) LM(12959) LP(15303) LA(15823) 
481: N(613) HP(2575) HA(3188) HM(3313) LM(3804) LP(3881) LA(4831) 
482: N(1249) HP(5517) HA(6816) HM(7039) LM(8953) LP(9617) LA(9875) 
483: N(524) HP(2180) HA(2659) HM(2763) LM(3183) LP(3753) LA(3865) 
484: N(43) HP(138) HA(185) LM(188) HM(192) LP(206) LA(304) 
485: N(1872) HP(8397) HA(10412) HM(10784) LM(12841) LP(13921) LA(16048) 
486: N(135) HP(506) HA(646) HM(661) LP(693) LA(745) LM(762) 
487: N(1007) HP(4314) HA(5411) HM(5578) LP(6652) LM(6664) LA(7578) 
488: N(1874) HP(8531) HA(10379) HM(10748) LP(15205) LM(15898) LA(17909) 
489: N(1805) HP(8244) HA(10104) HM(10450) LM(12630) LA(13888) LP(13947) 
490: N(351) HP(1411) HA(1756) HM(1802) LM(2148) LA(2381) LP(2660) 
491: N(1319) HP(5937) HA(7234) HM(7486) LM(8999) LP(9074) LA(11242) 
492: N(16) HP(49) LM(55) HM(63) HA(64) LA(66) LP(69) 
493: N(583) HP(2444) HA(3049) HM(3119) LP(3898) LM(4387) LA(4968) 
494: N(1696) HP(7695) HA(9383) HM(9755) LM(11912) LP(14183) LA(15695) 
495: N(819) HP(3555) HA(4320) HM(4501) LP(5702) LM(5962) LA(7028) 
496: N(861) HP(3713) HA(4621) HM(4732) LM(6119) LA(6452) LP(6680) 
497: N(1122) HP(4947) HA(6106) HM(6335) LP(7562) LM(7805) LA(8804) 
498: N(725) HP(3070) HA(3827) HM(3934) LM(4690) LP(5191) LA(5573) 
499: N(1114) HP(4872) HA(6060) HM(6277) LM(7543) LP(7605) LA(9874) 
500: N(1936) HP(3872) HA(7086) HM(7741) LM(12948) LA(17284) LP(1878886) 
501: N(1658) HP(7504) HA(9150) HM(9459) LM(12252) LP(12900) LA(13521) 
502: N(126) HP(458) HA(591) HM(602) LM(611) LP(701) LA(744) 
503: N(1191) HP(5259) HA(6488) HM(6711) LM(7833) LP(9108) LA(10376) 
504: N(935) HP(4056) HA(5033) HM(5181) LM(5892) LP(7091) LA(7794) 
505: N(201) HP(751) HA(952) HM(1003) LM(1110) LP(1187) LA(1436) 
506: N(1967) HP(9044) HA(10959) HM(11332) LM(14280) LP(16528) LA(17735) 
507: N(1501) HP(6719) HA(8217) HM(8488) LM(10806) LP(11459) LA(13651) 
508: N(1276) HP(5668) HA(6924) HM(7244) LM(9426) LP(10378) LA(10824) 
509: N(1161) HP(5076) HA(6294) HM(6504) LM(8142) LP(8154) LA(10838) 
510: N(1111) HP(4889) HA(5994) HM(6204) LP(7575) LM(7726) LA(9203) 
511: N(588) HP(2460) HA(3040) HM(3148) LM(3747) LP(4204) LA(4928) 
512: N(940) HP(4003) HA(5031) HM(5235) LP(6432) LM(6750) LA(7502) 
513: N(1570) HP(3139) HA(5759) HM(6277) LM(11236) LA(13662) LP(1236373) 
514: N(213) HP(796) HA(1047) HM(1063) LP(1211) LM(1277) LA(1366) 
515: N(81) HP(287) HA(365) HM(374) LM(379) LP(424) LA(463) 
516: N(1837) HP(8448) HA(10261) HM(10529) LM(13457) LP(15366) LA(16996) 
517: N(1576) HP(7068) HA(8737) HM(8995) LM(11442) LP(12798) LA(13162) 
518: N(1529) HP(6810) HA(8463) HM(8653) LP(10439) LM(11328) LA(13226) 
519: N(1493) HP(6646) HA(8196) HM(8510) LP(10711) LM(10875) LA(12922) 
520: N(1683) HP(7649) HA(9344) HM(9607) LM(11683) LP(13411) LA(15357) 
521: N(1381) HP(6120) HA(7602) HM(7798) LP(9562) LM(9961) LA(11793) 
522: N(262) HP(1020) HA(1276) HM(1323) LM(1438) LP(1609) LA(1786) 
523: N(951) HP(1901) HA(3490) HM(3801) LM(5930) LA(7349) LP(454576) 
524: N(142) HP(535) HA(679) HM(689) LM(764) LP(766) LA(891) 
525: N(1604) HP(7194) HA(8842) HM(9135) LM(11280) LP(11509) LA(12824) 
526: N(1606) HP(7292) HA(8890) HM(9229) LM(11251) LP(12622) LA(13775) 
527: N(1529) HP(6891) HA(8404) HM(8699) LM(11355) LP(12254) LA(13652) 
528: N(1443) HP(2885) HA(5299) HM(5769) LM(10262) LA(12265) LP(1044730) 
529: N(251) HP(992) HA(1216) HM(1268) LM(1286) LP(1306) LA(1736) 
530: N(1792) HP(8136) HA(9940) HM(10341) LA(13517) LM(14001) LP(17196) 
531: N(1822) HP(8196) HA(10130) HM(10538) LP(15254) LM(15789) LA(16751) 
532: N(193) HP(385) HA(710) HM(769) LM(1097) LA(1197) LP(19105) 
533: N(1159) HP(5066) HA(6324) HM(6473) LM(8517) LA(9444) LP(9479) 
534: N(112) HP(395) HA(505) HM(531) LM(585) LP(611) LA(652) 
535: N(1366) HP(6043) HA(7446) HM(7734) LM(9496) LA(10372) LP(11422) 
536: N(303) HP(1204) HA(1498) HM(1542) LP(1612) LM(1919) LA(2082) 
537: N(1856) HP(8336) HA(10359) HM(10714) LM(13297) LP(14481) LA(15641) 
538: N(212) HP(818) HA(1014) HM(1057) LM(1071) LP(1154) LA(1279) 
539: N(569) HP(2381) HA(2962) HM(3054) LM(3589) LA(4653) LP(4755) 
540: N(1702) HP(7684) HA(9362) HM(9757) LM(11836) LA(14036) LP(14317) 
541: N(298) HP(1180) HA(1499) HM(1544) LM(1769) LP(1946) LA(2025) 
542: N(1954) HP(8915) HA(10865) HM(11282) LM(15020) LA(16373) LP(16667) 
543: N(957) HP(1913) HA(3506) HM(3825) LM(5947) LA(8572) LP(460315) 
544: N(1095) HP(4830) HA(5944) HM(6175) LA(8131) LP(8451) LM(8655) 
545: N(470) HP(1937) HA(2405) HM(2467) LM(2856) LP(2937) LA(3331) 
546: N(13) HP(40) HA(47) LM(48) HM(50) LA(54) LP(62) 
547: N(740) HP(3147) HA(3887) HM(3999) LP(5236) LA(5438) LM(5599) 
548: N(1727) HP(7926) HA(9540) HM(9906) LM(12396) LP(15321) LA(15348) 
549: N(1660) HP(7586) HA(9190) HM(9547) LM(12814) LA(14257) LP(15474) 
550: N(1159) HP(5101) HA(6273) HM(6492) LP(8071) LA(8727) LM(9551) 
551: N(1721) HP(7772) HA(9574) HM(9880) LM(12026) LA(14021) LP(14931) 
552: N(288) HP(1113) HA(1445) HM(1467) LM(1716) LA(1898) LP(1945) 
553: N(516) HP(2155) HA(2671) HM(2754) LM(3243) LA(3587) LP(3887) 
554: N(179) HP(689) HA(854) HM(889) LP(931) LM(990) LA(1155) 
555: N(271) HP(1064) HA(1347) HM(1395) LM(1479) LP(1745) LA(1941) 
556: N(867) HP(3746) HA(4653) HM(4755) LM(6163) LA(6696) LP(7165) 
557: N(1312) HP(5809) HA(7152) HM(7400) LP(10336) LM(10451) LA(10635) 
558: N(603) HP(2515) HA(3115) HM(3232) LP(3667) LM(3941) LA(4474) 
559: N(880) HP(3825) HA(4711) HM(4886) LP(5937) LM(6028) LA(7016) 
560: N(1266) HP(5601) HA(6881) HM(7176) LM(8978) LP(9350) LA(9946) 
561: N(1688) HP(7606) HA(9396) HM(9647) LM(11810) LA(14774) LP(15303) 
562: N(1314) HP(5844) HA(7107) HM(7385) LM(9390) LP(9960) LA(12589) 
563: N(975) HP(4232) HA(5188) HM(5404) LM(6882) LP(7031) LA(8153) 
564: N(1250) HP(2500) HA(4573) HM(4997) LM(8461) LA(9983) LP(784373) 
565: N(1369) HP(6087) HA(7522) HM(7743) LM(9790) LP(10269) LA(10481) 
566: N(1440) HP(6489) HA(7861) HM(8206) LM(10781) LP(11288) LA(13422) 
567: N(1056) HP(4596) HA(5758) HM(5905) LM(7356) LP(7627) LA(9151) 
568: N(1712) HP(7718) HA(9438) HM(9828) LM(11656) LP(14426) LA(15917) 
569: N(1246) HP(5519) HA(6817) HM(6998) LM(8318) LP(9039) LA(10090) 
570: N(1014) HP(4390) HA(5444) HM(5630) LM(7139) LP(7838) LA(8540) 
571: N(914) HP(3902) HA(4896) HM(5011) LP(5920) LM(6804) LA(8182) 
572: N(1964) HP(8938) HA(11051) HM(11361) LM(13754) LP(15110) LA(16078) 
573: N(36) HP(115) HM(157) HA(157) LP(167) LM(171) LA(202) 
574: N(1046) HP(4536) HA(5629) HM(5842) LM(7468) LA(7609) LP(7896) 
575: N(345) HP(1353) HA(1713) HM(1799) LM(1943) LP(2312) LA(2661) 
576: N(1984) HP(3971) HA(7287) HM(7933) LM(13146) LA(19948) LP(1973086) 
577: N(1558) HP(7002) HA(8719) HM(8864) LM(11750) LP(12067) LA(13640) 
578: N(1054) HP(4595) HA(5703) HM(5904) LM(7487) LA(7824) LP(7913) 
579: N(1860) HP(8341) HA(10304) HM(10635) LM(14969) LA(16136) LP(16215) 
580: N(1943) HP(8903) HA(10902) HM(11291) LM(14809) LP(16379) LA(17891) 
581: N(355) HP(1402) HA(1796) HM(1856) LM(2250) LP(2292) LA(2746) 
582: N(918) HP(3903) HA(4920) HM(5067) LM(6627) LP(7158) LA(7221) 
583: N(1594) HP(7182) HA(8831) HM(9063) LM(10693) LP(12132) LA(13085) 
584: N(1838) HP(8335) HA(10241) HM(10562) LM(13620) LP(14439) LA(15224) 
585: N(1292) HP(5679) HA(7153) HM(7287) LP(9069) LM(10439) LA(10666) 
586: N(284) HP(1111) HA(1419) HM(1451) LM(1696) LP(1729) LA(2246) 
587: N(1003) HP(4378) HA(5423) HM(5577) LM(6793) LP(7538) LA(7862) 
588: N(110) HP(397) LP(508) HA(510) HM(531) LM(588) LA(634) 
589: N(1426) HP(6360) HA(7803) HM(8019) LM(10529) LP(10997) LA(11727) 
590: N(807) HP(3448) HA(4291) HM(4463) LM(5089) LA(6065) LP(6616) 
591: N(1812) HP(8234) HA(10091) HM(10468) LM(12026) LP(14817) LA(15058) 
592: N(482) HP(1983) HA(2492) HM(2556) LM(2884) LP(3361) LA(3835) 
593: N(125) HP(460) HA(585) HM(613) LM(646) LP(683) LA(797) 
594: N(970) HP(4174) HA(5260) HM(5343) LM(6616) LA(7533) LP(8054) 
595: N(626) HP(2615) HA(3266) HM(3380) LP(4669) LM(4772) LA(5231) 
596: N(488) HP(975) HA(1785) HM(1949) LM(2766) LA(3462) LP(120290) 
597: N(1663) HP(7476) HA(9184) HM(9537) LM(12683) LP(13192) LA(15839) 
598: N(766) HP(3236) HA(4059) HM(4207) LM(4932) LP(5845) LA(6548) 
599: N(1742) HP(3484) HA(6399) HM(6964) LM(12107) LA(16015) LP(1521635) 
600: N(491) HP(2040) HA(2521) HM(2626) LM(3104) LP(3200) LA(3355) 
601: N(220) HP(848) HA(1093) HM(1099) LP(1158) LM(1216) LA(1466) 
602: N(1383) HP(6220) HA(7629) HM(7880) LM(9617) LA(11542) LP(11834) 
603: N(348) HP(1363) HA(1720) HM(1820) LP(2085) LM(2232) LA(2590) 
604: N(1485) HP(6641) HA(8197) HM(8431) LM(11101) LA(11731) LP(13559) 
605: N(466) HP(1916) HA(2388) HM(2442) LM(3225) LP(3319) LA(3725) 
606: N(902) HP(3890) HA(4801) HM(5017) LM(6052) LP(6726) LA(8395) 
607: N(592) HP(2466) HA(3064) HM(3131) LP(3845) LM(4462) LA(4725) 
608: N(1035) HP(2069) HA(3823) HM(4137) LM(6290) LA(8092) LP(538198) 
609: N(281) HP(1078) HA(1377) HM(1424) LM(1572) LA(1715) LP(2184) 
610: N(612) HP(2562) HA(3170) HM(3296) LM(3802) LP(4477) LA(4763) 
611: N(517) HP(2129) HA(2663) HM(2770) LP(3298) LM(3380) LA(3670) 
612: N(1659) HP(7405) HA(9183) HM(9430) LM(12589) LP(13109) LA(14356) 
613: N(30) HP(98) LP(120) LM(120) HA(123) HM(132) LA(152) 
614: N(678) HP(2830) HA(3546) HM(3688) LM(4428) LA(4816) LP(4962) 
615: N(1408) HP(6221) HA(7788) HM(7990) LM(10321) LP(11113) LA(11590) 
616: N(1644) HP(7374) HA(9149) HM(9443) LM(12468) LP(14157) LA(14921) 
617: N(1657) HP(7465) HA(9203) HM(9479) LM(12950) LP(13022) LA(13879) 
618: N(627) HP(2594) HA(3275) HM(3378) LM(3866) LP(4375) LA(4535) 
619: N(1239) HP(5438) HA(6723) HM(6983) LM(8681) LP(9573) LA(10014) 
620: N(1167) HP(5162) HA(6334) HM(6593) LM(8287) LP(9112) LA(9332) 
621: N(770) HP(3320) HA(4097) HM(4227) LM(5122) LA(5658) LP(6607) 
622: N(53) HP(174) LP(206) LM(214) HA(227) HM(234) LA(260) 
623: N(1292) HP(5755) HA(7053) HM(7270) LM(8715) LP(9090) LA(11289) 
624: N(1373) HP(6103) HA(7499) HM(7751) LM(9062) LP(10185) LA(12075) 
625: N(1975) HP(8954) HA(11007) HM(11415) LM(16396) LA(17690) LP(18106) 
626: N(641) HP(2700) HA(3365) HM(3447) LM(4019) LP(4275) LA(4741) 
627: N(1346) HP(2691) HA(4958) HM(5381) LM(9376) LA(11250) LP(909221) 
628: N(1043) HP(4593) HA(5640) HM(5836) LM(6968) LP(7629) LA(8182) 
629: N(392) HP(1562) HA(2013) HM(2047) LP(2141) LM(2264) LA(2753) 
630: N(1405) HP(6235) HA(7704) HM(7977) LM(10481) LP(11833) LA(11992) 
631: N(135) HP(493) HA(620) HM(661) LM(683) LA(799) LP(827) 
632: N(1551) HP(6927) HA(8614) HM(8804) LM(11579) LA(12649) LP(15271) 
633: N(1134) HP(4973) HA(6104) HM(6353) LM(8360) LP(8385) LA(9722) 
634: N(1984) HP(9057) HA(11106) HM(11561) LM(14394) LA(16442) LP(17791) 
635: N(143) HP(532) HA(660) HM(697) LP(704) LM(783) LA(910) 
636: N(641) HP(2706) HA(3358) HM(3492) LM(3999) LP(4316) LA(5475) 
637: N(1464) HP(6546) HA(8133) HM(8354) LM(10730) LP(12156) LA(12186) 
638: N(1976) HP(9093) HA(11090) HM(11477) LM(15325) LP(15365) LA(18088) 
639: N(991) HP(4300) HA(5349) HM(5518) LM(6696) LA(7282) LP(8044) 
640: N(65) HP(129) HA(237) HM(257) LM(273) LA(339) LP(2273) 
641: N(865) HP(3705) HA(4651) HM(4761) LM(5925) LA(6205) LP(6249) 
642: N(1829) HP(8310) HA(10147) HM(10504) LM(13307) LA(15050) LP(15345) 
643: N(874) HP(3787) HA(4674) HM(4779) LM(5902) LA(5949) LP(6720) 
644: N(948) HP(4055) HA(5061) HM(5223) LM(6840) LP(7046) LA(7213) 
645: N(1702) HP(7622) HA(9419) HM(9747) LM(12564) LA(12978) LP(13795) 
646: N(769) HP(3325) HA(4111) HM(4253) LP(5773) LM(5917) LA(6013) 
647: N(1510) HP(6804) HA(8292) HM(8626) LP(10803) LM(10892) LA(12566) 
648: N(1649) HP(7463) HA(9082) HM(9536) LP(11016) LM(12349) LA(14387) 
649: N(1220) HP(5381) HA(6677) HM(6837) LM(8831) LP(9024) LA(9478) 
650: N(742) HP(3088) HA(3896) HM(4051) LM(4795) LP(4856) LA(6259) 
651: N(68) HP(231) LM(289) HA(303) HM(323) LP(343) LA(383) 
652: N(1180) HP(5176) HA(6344) HM(6635) LP(8525) LM(8783) LA(10146) 
653: N(710) HP(2989) HA(3765) HM(3880) LM(4566) LP(5109) LA(6056) 
654: N(179) HP(682) HA(843) LM(880) HM(891) LP(965) LA(1196) 
655: N(1756) HP(7939) HA(9677) HM(10122) LM(12569) LP(14370) LA(16755) 
656: N(572) HP(2413) HA(2990) HM(3089) LM(3463) LP(3688) LA(3968) 
657: N(1047) HP(4563) HA(5645) HM(5797) LM(7400) LP(8296) LA(8851) 
658: N(893) HP(3896) HA(4730) HM(4934) LM(5607) LP(7699) LA(7887) 
659: N(1483) HP(6640) HA(8196) HM(8450) LM(10925) LP(11688) LA(11940) 
660: N(972) HP(4239) HA(5246) HM(5413) LM(7146) LA(8200) LP(8374) 
661: N(1900) HP(8678) HA(10705) HM(10959) LM(14362) LP(16961) LA(17070) 
662: N(346) HP(1361) HA(1756) HM(1803) LM(1911) LP(2022) LA(2167) 
663: N(650) HP(2692) HA(3377) HM(3496) LM(4402) LA(4732) LP(4733) 
664: N(1424) HP(6407) HA(7792) HM(7925) LP(10503) LM(10802) LA(11753) 
665: N(123) HP(448) HA(581) LM(587) HM(594) LP(661) LA(744) 
666: N(1127) HP(4897) HA(6122) HM(6282) LM(7626) LP(8769) LA(9544) 
667: N(1495) HP(6739) HA(8325) HM(8533) LM(10686) LP(11438) LA(13377) 
668: N(817) HP(1633) HA(2996) HM(3265) LM(5385) LA(6282) LP(335785) 
669: N(1530) HP(6872) HA(8472) HM(8659) LM(10793) LP(10992) LA(12597) 
670: N(1653) HP(7468) HA(9235) HM(9437) LM(12260) LP(14481) LA(16162) 
671: N(474) HP(1936) HA(2427) HM(2506) LP(2854) LM(3116) LA(3382) 
672: N(1376) HP(6131) HA(7515) HM(7773) LM(9917) LP(10631) LA(11625) 
673: N(1758) HP(7957) HA(9823) HM(10105) LM(12065) LP(14132) LA(15884) 
674: N(1590) HP(7245) HA(8754) HM(9040) LM(12050) LP(14024) LA(14305) 
675: N(1249) HP(5445) HA(6752) HM(7039) LM(8700) LP(9012) LA(10303) 
676: N(1803) HP(8236) HA(10045) HM(10410) LP(12895) LM(13156) LA(19188) 
677: N(109) HP(387) HA(503) LM(517) HM(528) LP(614) LA(672) 
678: N(811) HP(3487) HA(4326) HM(4460) LM(5222) LP(5885) LA(6810) 
679: N(257) HP(1006) HA(1268) HM(1288) LM(1518) LA(1683) LP(1723) 
680: N(1306) HP(5793) HA(7085) HM(7425) LM(10016) LP(11181) LA(11672) 
681: N(1502) HP(6678) HA(8319) HM(8555) LP(11129) LA(11328) LM(11644) 
682: N(1279) HP(5632) HA(7010) HM(7248) LM(8819) LP(9532) LA(10037) 
683: N(1994) HP(9159) HA(11203) HM(11500) LM(14445) LP(15618) LA(17426) 
684: N(1093) HP(4791) HA(5902) HM(6086) LM(7302) LP(7846) LA(9096) 
685: N(87) HP(307) HA(390) HM(409) LM(455) LP(494) LA(541) 
686: N(1927) HP(8869) HA(10756) HM(11104) LM(14754) LP(16191) LA(17611) 
687: N(328) HP(1313) HA(1615) HM(1691) LM(1867) LP(2096) LA(2161) 
688: N(1800) HP(8172) HA(9990) HM(10383) LM(13519) LA(14439) LP(14523) 
689: N(1361) HP(6072) HA(7397) HM(7657) LM(9198) LP(10689) LA(12042) 
690: N(1767) HP(8043) HA(9759) HM(10214) LP(12181) LM(13375) LA(16706) 
691: N(1814) HP(8214) HA(10038) HM(10439) LM(13246) LP(14919) LA(15920) 
692: N(376) HP(1494) HA(1882) HM(1943) LM(2232) LP(2389) LA(2695) 
693: N(1858) HP(8435) HA(10389) HM(10699) LM(13597) LA(15732) LP(15768) 
694: N(158) HP(593) HA(759) HM(769) LM(892) LP(896) LA(1104) 
695: N(844) HP(3661) HA(4477) HM(4667) LM(5684) LA(7175) LP(7198) 
696: N(879) HP(3839) HA(4715) HM(4811) LM(5720) LP(6071) LA(6955) 
697: N(1499) HP(6672) HA(8303) HM(8538) LP(11375) LM(11772) LA(12511) 
698: N(1024) HP(4479) HA(5558) HM(5684) LP(6975) LM(7010) LA(8519) 
699: N(755) HP(3201) HA(4003) HM(4123) LP(5689) LM(5736) LA(5905) 
700: N(1537) HP(3073) HA(5625) HM(6145) LM(11023) LA(12591) LP(1185025) 
701: N(99) HP(349) HA(447) LP(463) HM(465) LM(501) LA(566) 
702: N(1466) HP(2931) HA(5414) HM(5861) LM(10459) LA(12518) LP(1078241) 
703: N(241) HP(949) HA(1184) HM(1232) LP(1361) LM(1521) LA(1755) 
704: N(307) HP(1197) HA(1519) HM(1574) LP(1841) LM(1963) LA(2374) 
705: N(335) HP(1320) HA(1687) HM(1731) LM(2018) LP(2105) LA(2653) 
706: N(1304) HP(2608) HA(4787) HM(5213) LM(8980) LA(11743) LP(853466) 
707: N(1150) HP(5073) HA(6167) HM(6379) LM(8162) LP(8522) LA(9911) 
708: N(1760) HP(7978) HA(9702) HM(10036) LM(13656) LP(13678) LA(15310) 
709: N(1474) HP(2947) HA(5439) HM(5893) LM(10525) LA(12490) LP(1090021) 
710: N(695) HP(2926) HA(3648) HM(3752) LM(4287) LP(4428) LA(5810) 
711: N(532) HP(2196) HA(2754) HM(2842) LP(3166) LM(3362) LA(4685) 
712: N(772) HP(3304) HA(4067) HM(4268) LP(4846) LM(5105) LA(5516) 
713: N(100) HP(363) HM(463) HA(474) LM(479) LP(516) LA(573) 
714: N(595) HP(2504) HA(3093) HM(3240) LM(3682) LP(4110) LA(4289) 
715: N(1306) HP(2611) HA(4805) HM(5221) LM(8993) LA(11641) LP(856081) 
716: N(1643) HP(7445) HA(9119) HM(9381) LP(12773) LM(13329) LA(15988) 
717: N(819) HP(3536) HA(4255) HM(4522) LM(5514) LP(6305) LA(6966) 
718: N(1151) HP(5072) HA(6218) HM(6467) LP(7464) LM(8013) LA(9443) 
719: N(66) HP(227) HA(298) HM(301) LP(323) LM(324) LA(385) 
720: N(1950) HP(8860) HA(10926) HM(11319) LM(13991) LP(15819) LA(17417) 
721: N(1688) HP(3375) HA(6211) HM(6749) LM(11856) LA(15881) LP(1428890) 
722: N(1205) HP(5296) HA(6426) HM(6769) LM(7887) LP(8898) LA(9913) 
723: N(1165) HP(5040) HA(6307) HM(6560) LM(7737) LP(8832) LA(9042) 
724: N(1028) HP(4461) HA(5552) HM(5721) LM(7116) LP(7669) LA(8301) 
725: N(80) HP(283) HA(360) LP(364) HM(373) LM(434) LA(523) 
726: N(78) HP(270) LP(330) HA(353) HM(367) LM(372) LA(431) 
727: N(455) HP(1841) HA(2330) HM(2392) LM(2589) LA(3028) LP(3226) 
728: N(1920) HP(8724) HA(10691) HM(11091) LA(14998) LM(16185) LP(17308) 
729: N(626) HP(2589) HA(3285) HM(3403) LM(4210) LA(4902) LP(4958) 
730: N(665) HP(2839) HA(3484) HM(3605) LM(4170) LA(4674) LP(4942) 
731: N(1522) HP(6878) HA(8405) HM(8657) LM(10612) LP(11711) LA(13341) 
732: N(534) HP(2168) HA(2764) HM(2834) LM(3468) LA(3876) LP(4084) 
733: N(1812) HP(8310) HA(10132) HM(10520) LM(13608) LP(16011) LA(16350) 
734: N(1422) HP(6338) HA(7814) HM(8079) LM(9541) LP(11436) LA(12819) 
735: N(487) HP(1993) HA(2511) HM(2602) LM(3050) LP(3097) LA(3493) 
736: N(1641) HP(7414) HA(9114) HM(9366) LP(12557) LM(12582) LA(13191) 
737: N(1431) HP(6382) HA(7828) HM(8057) LM(10181) LA(12140) LP(12292) 
738: N(1613) HP(7127) HA(8964) HM(9214) LM(12034) LP(12308) LA(12802) 
739: N(1053) HP(4578) HA(5654) HM(5874) LM(6563) LP(8137) LA(8527) 
740: N(1959) HP(8988) HA(10956) HM(11386) LM(14373) LP(15760) LA(17212) 
741: N(236) HP(908) HA(1159) HM(1209) LM(1334) LP(1406) LA(1733) 
742: N(594) HP(2445) HA(3085) HM(3197) LM(3498) LA(4136) LP(4253) 
743: N(47) HP(160) LP(182) LM(188) HM(207) HA(207) LA(276) 
744: N(267) HP(1060) HA(1293) HM(1356) LM(1633) LP(1711) LA(1987) 
745: N(1349) HP(5943) HA(7396) HM(7647) LM(8828) LP(10853) LA(11417) 
746: N(1241) HP(5486) HA(6762) HM(7022) LM(9016) LP(10565) LA(11328) 
747: N(1572) HP(7120) HA(8636) HM(8990) LM(11532) LP(14449) LA(16116) 
748: N(1051) HP(4592) HA(5644) HM(5843) LM(7301) LP(7797) LA(9775) 
749: N(1392) HP(6152) HA(7665) HM(7929) LP(9599) LM(10196) LA(11366) 
750: N(1453) HP(6454) HA(7932) HM(8267) LP(10832) LM(10886) LA(12414) 
751: N(94) HP(187) HA(342) HM(373) LA(481) LM(489) LP(4651) 
752: N(71) HP(255) LM(312) HA(323) HM(327) LP(387) LA(399) 
753: N(241) HP(933) HA(1170) HM(1214) LP(1393) LM(1520) LA(1585) 
754: N(1052) HP(4574) HA(5717) HM(5889) LM(7702) LP(7940) LA(7966) 
755: N(738) HP(1475) HA(2706) HM(2949) LM(4906) LA(5767) LP(274165) 
756: N(1676) HP(7621) HA(9277) HM(9574) LM(10993) LP(12817) LA(14349) 
757: N(1163) HP(5114) HA(6367) HM(6515) LP(8018) LM(8152) LA(10344) 
758: N(1303) HP(5746) HA(7072) HM(7398) LM(9389) LP(10093) LA(10579) 
759: N(924) HP(3960) HA(4882) HM(5126) LA(6789) LM(7153) LP(7313) 
760: N(444) HP(1778) HA(2207) HM(2339) LM(2703) LA(3185) LP(3396) 
761: N(1068) HP(4640) HA(5811) HM(5943) LM(6978) LP(8319) LA(8427) 
762: N(1519) HP(6768) HA(8317) HM(8660) LP(10475) LM(11323) LA(12741) 
763: N(1260) HP(5553) HA(6863) HM(7142) LM(9050) LP(9307) LA(10077) 
764: N(264) HP(1034) HA(1320) HM(1334) LM(1586) LP(1683) LA(1860) 
765: N(738) HP(3117) HA(3858) HM(4016) LM(4787) LP(5570) LA(5664) 
766: N(1124) HP(4901) HA(6059) HM(6305) LP(8042) LM(8199) LA(9438) 
767: N(1168) HP(2335) HA(4308) HM(4669) LM(7674) LA(8846) LP(685030) 
768: N(337) HP(1331) HA(1717) HM(1759) LP(2029) LA(2120) LM(2125) 
769: N(1108) HP(4849) HA(6058) HM(6234) LM(7356) LP(8156) LA(8575) 
770: N(1269) HP(5587) HA(6938) HM(7133) LM(9500) LP(9609) LA(10749) 
771: N(1496) HP(6618) HA(8219) HM(8565) LM(11158) LP(11765) LA(12049) 
772: N(1807) HP(8094) HA(10027) HM(10413) LM(13335) LP(14086) LA(18415) 
773: N(1385) HP(6218) HA(7685) HM(7917) LM(9211) LP(9990) LA(10456) 
774: N(1858) HP(8580) HA(10354) HM(10717) LM(13546) LA(16442) LP(16605) 
775: N(1858) HP(8332) HA(10367) HM(10623) LP(14235) LM(14482) LA(16850) 
776: N(336) HP(1331) HA(1707) HM(1747) LM(2002) LA(2305) LP(2353) 
777: N(1613) HP(7202) HA(9027) HM(9176) LM(11316) LP(11600) LA(13630) 
778: N(1366) HP(6044) HA(7446) HM(7729) LM(9690) LP(10964) LA(11026) 
779: N(909) HP(3944) HA(4769) HM(5026) LM(6263) LP(6439) LA(6905) 
780: N(1498) HP(6692) HA(8257) HM(8514) LM(11599) LP(11633) LA(14257) 
781: N(840) HP(3600) HA(4473) HM(4641) LM(5513) LP(6150) LA(6373) 
782: N(235) HP(916) HA(1153) HM(1187) LP(1347) LM(1511) LA(1655) 
783: N(1872) HP(8522) HA(10375) HM(10900) LM(13522) LP(14556) LA(15400) 
784: N(1261) HP(5646) HA(6785) HM(7098) LP(9044) LA(9360) LM(9833) 
785: N(57) HP(191) LM(225) HM(247) HA(252) LP(278) LA(285) 
786: N(1666) HP(7506) HA(9308) HM(9599) LM(12338) LA(12988) LP(13569) 
787: N(1158) HP(5052) HA(6247) HM(6483) LM(8500) LP(9030) LA(9223) 
788: N(973) HP(4142) HA(5184) HM(5381) LM(7197) LP(7675) LA(8854) 
789: N(308) HP(1230) HA(1524) HM(1588) LP(1889) LM(2152) LA(2230) 
790: N(1314) HP(5838) HA(7143) HM(7431) LM(9016) LA(10486) LP(10644) 
791: N(1213) HP(5344) HA(6615) HM(6839) LM(8582) LP(8608) LA(9483) 
792: N(372) HP(1475) HA(1899) HM(1943) LM(2353) LA(2604) LP(2753) 
793: N(1434) HP(6437) HA(7843) HM(8191) LM(9915) LP(11052) LA(11657) 
794: N(1627) HP(7367) HA(9060) HM(9311) LA(12300) LM(13018) LP(14311) 
795: N(1188) HP(5234) HA(6427) HM(6676) LM(8417) LP(9201) LA(9432) 
796: N(421) HP(1720) HA(2149) HM(2186) LM(2391) LP(2718) LA(2744) 
797: N(1860) HP(8419) HA(10425) HM(10630) LM(13379) LP(14987) LA(16783) 
798: N(122) HP(453) HA(570) HM(600) LP(620) LM(639) LA(756) 
799: N(1503) HP(6794) HA(8313) HM(8592) LP(10990) LM(11111) LA(12789) 
